<?xml version="1.0" encoding="UTF-8"?>
<testsuite xmlns:xsi="http://www.w3.org/2001/XMLSchema-instance" xsi:noNamespaceSchemaLocation="https://maven.apache.org/surefire/maven-surefire-plugin/xsd/surefire-test-report.xsd" version="3.0.2" name="com.capaciti.terrorbite.bank_management_application.BankManagementApplicationTests" time="9.437" tests="1" errors="0" skipped="0" failures="0">
  <properties>
[...]
</properties>
  <testcase name="contextLoads" classname="com.capaciti.terrorbite.bank_management_application.BankManagementApplicationTests" time="0.784">
    <system-out><![CDATA[15:25:33.369 [main] INFO org.springframework.test.context.support.AnnotationConfigContextLoaderUtils -- Could not detect default configuration classes for test class [com.capaciti.terrorbite.bank_management_application.BankManagementApplicationTests]: BankManagementApplicationTests does not declare any static, non-private, non-final, nested classes annotated with @Configuration.
15:25:33.559 [main] INFO org.springframework.boot.test.context.SpringBootTestContextBootstrapper -- Found @SpringBootConfiguration com.capaciti.terrorbite.bank_management_application.BankManagementApplication for test class com.capaciti.terrorbite.bank_management_application.BankManagementApplicationTests

  .   ____          _            __ _ _
 /\\ / ___'_ __ _ _(_)_ __  __ _ \ \ \ \
( ( )\___ | '_ | '_| | '_ \/ _` | \ \ \ \
 \\/  ___)| |_)| | | | | || (_| |  ) ) ) )
  '  |____| .__|_| |_|_| |_\__, | / / / /
 =========|_|==============|___/=/_/_/_/

 :: Spring Boot ::                (v3.4.1)

2025-01-16T15:25:34.280+02:00  INFO 12300 --- [bank-management-application] [           main] c.c.t.b.BankManagementApplicationTests   : Starting BankManagementApplicationTests using Java 21.0.5 with PID 12300 (started by CAPACITI-JHB in C:\Users\CAPACITI-JHB\Desktop\Bank-Management-System\springboot backend\bank-management-application)
2025-01-16T15:25:34.282+02:00  INFO 12300 --- [bank-management-application] [           main] c.c.t.b.BankManagementApplicationTests   : No active profile set, falling back to 1 default profile: "default"
2025-01-16T15:25:35.594+02:00  INFO 12300 --- [bank-management-application] [           main] .s.d.r.c.RepositoryConfigurationDelegate : Bootstrapping Spring Data JPA repositories in DEFAULT mode.
2025-01-16T15:25:35.683+02:00  INFO 12300 --- [bank-management-application] [           main] .s.d.r.c.RepositoryConfigurationDelegate : Finished Spring Data repository scanning in 76 ms. Found 3 JPA repository interfaces.
2025-01-16T15:25:36.812+02:00  INFO 12300 --- [bank-management-application] [           main] o.hibernate.jpa.internal.util.LogHelper  : HHH000204: Processing PersistenceUnitInfo [name: default]
2025-01-16T15:25:37.027+02:00  INFO 12300 --- [bank-management-application] [           main] org.hibernate.Version                    : HHH000412: Hibernate ORM core version 6.6.4.Final
2025-01-16T15:25:37.090+02:00  INFO 12300 --- [bank-management-application] [           main] o.h.c.internal.RegionFactoryInitiator    : HHH000026: Second-level cache disabled
2025-01-16T15:25:37.597+02:00  INFO 12300 --- [bank-management-application] [           main] o.s.o.j.p.SpringPersistenceUnitInfo      : No LoadTimeWeaver setup: ignoring JPA class transformer
2025-01-16T15:25:37.659+02:00  INFO 12300 --- [bank-management-application] [           main] com.zaxxer.hikari.HikariDataSource       : HikariPool-1 - Starting...
2025-01-16T15:25:38.259+02:00  INFO 12300 --- [bank-management-application] [           main] com.zaxxer.hikari.pool.HikariPool        : HikariPool-1 - Added connection org.postgresql.jdbc.PgConnection@70a24f9
2025-01-16T15:25:38.261+02:00  INFO 12300 --- [bank-management-application] [           main] com.zaxxer.hikari.HikariDataSource       : HikariPool-1 - Start completed.
2025-01-16T15:25:38.420+02:00  WARN 12300 --- [bank-management-application] [           main] org.hibernate.orm.deprecation            : HHH90000025: PostgreSQLDialect does not need to be specified explicitly using 'hibernate.dialect' (remove the property setting and it will be selected by default)
2025-01-16T15:25:38.462+02:00  INFO 12300 --- [bank-management-application] [           main] org.hibernate.orm.connections.pooling    : HHH10001005: Database info:
	Database JDBC URL [Connecting through datasource 'HikariDataSource (HikariPool-1)']
	Database driver: undefined/unknown
	Database version: 15.10
	Autocommit mode: undefined/unknown
	Isolation level: undefined/unknown
	Minimum pool size: undefined/unknown
	Maximum pool size: undefined/unknown
2025-01-16T15:25:39.955+02:00  INFO 12300 --- [bank-management-application] [           main] o.h.e.t.j.p.i.JtaPlatformInitiator       : HHH000489: No JTA platform available (set 'hibernate.transaction.jta.platform' to enable JTA platform integration)
2025-01-16T15:25:40.257+02:00  INFO 12300 --- [bank-management-application] [           main] j.LocalContainerEntityManagerFactoryBean : Initialized JPA EntityManagerFactory for persistence unit 'default'
2025-01-16T15:25:41.136+02:00  WARN 12300 --- [bank-management-application] [           main] JpaBaseConfiguration$JpaWebConfiguration : spring.jpa.open-in-view is enabled by default. Therefore, database queries may be performed during view rendering. Explicitly configure spring.jpa.open-in-view to disable this warning
2025-01-16T15:25:41.711+02:00  INFO 12300 --- [bank-management-application] [           main] c.c.t.b.BankManagementApplicationTests   : Started BankManagementApplicationTests in 7.903 seconds (process running for 11.112)
]]></system-out>
    <system-err><![CDATA[Mockito is currently self-attaching to enable the inline-mock-maker. This will no longer work in future releases of the JDK. Please add Mockito as an agent to your build what is described in Mockito's documentation: https://javadoc.io/doc/org.mockito/mockito-core/latest/org/mockito/Mockito.html#0.3
WARNING: A Java agent has been loaded dynamically (C:\Users\CAPACITI-JHB\.m2\repository\net\bytebuddy\byte-buddy-agent\1.15.11\byte-buddy-agent-1.15.11.jar)
WARNING: If a serviceability tool is in use, please run with -XX:+EnableDynamicAgentLoading to hide this warning
WARNING: If a serviceability tool is not in use, please run with -Djdk.instrument.traceUsage for more information
WARNING: Dynamic loading of agents will be disallowed by default in a future release
]]></system-err>
  </testcase>
</testsuite>